[    0.000000] Initializing cgroup subsys cpuset
[    0.000000] Initializing cgroup subsys cpu
[    0.000000] Initializing cgroup subsys cpuacct
[    0.000000] Linux version 4.4.0-169-generic (buildd@lgw01-amd64-038) (gcc version 5.4.0 20160609 (Ubuntu 5.4.0-6ubuntu1~16.04.12) ) #198-Ubuntu SMP Tue Nov 12 10:38:00 UTC 2019 (Ubuntu 4.4.0-169.198-generic 4.4.197)
[    0.000000] Command line: BOOT_IMAGE=/boot/vmlinuz-4.4.0-169-generic root=LABEL=cloudimg-rootfs ro console=tty1 console=ttyS0
[    0.000000] KERNEL supported cpus:
[    0.000000]   Intel GenuineIntel
[    0.000000]   AMD AuthenticAMD
[    0.000000]   Centaur CentaurHauls
[    0.000000] x86/fpu: xstate_offset[2]:  576, xstate_sizes[2]:  256
[    0.000000] x86/fpu: Supporting XSAVE feature 0x01: 'x87 floating point registers'
[    0.000000] x86/fpu: Supporting XSAVE feature 0x02: 'SSE registers'
[    0.000000] x86/fpu: Supporting XSAVE feature 0x04: 'AVX registers'
[    0.000000] x86/fpu: Enabled xstate features 0x7, context size is 832 bytes, using 'standard' format.
[    0.000000] e820: BIOS-provided physical RAM map:
[    0.000000] BIOS-e820: [mem 0x0000000000000000-0x000000000009fbff] usable
[    0.000000] BIOS-e820: [mem 0x000000000009fc00-0x000000000009ffff] reserved
[    0.000000] BIOS-e820: [mem 0x00000000000f0000-0x00000000000fffff] reserved
[    0.000000] BIOS-e820: [mem 0x0000000000100000-0x000000001ffeffff] usable
[    0.000000] BIOS-e820: [mem 0x000000001fff0000-0x000000001fffffff] ACPI data
[    0.000000] BIOS-e820: [mem 0x00000000fec00000-0x00000000fec00fff] reserved
[    0.000000] BIOS-e820: [mem 0x00000000fee00000-0x00000000fee00fff] reserved
[    0.000000] BIOS-e820: [mem 0x00000000fffc0000-0x00000000ffffffff] reserved
[    0.000000] NX (Execute Disable) protection: active
[    0.000000] SMBIOS 2.5 present.
[    0.000000] Hypervisor detected: KVM
[    0.000000] e820: last_pfn = 0x1fff0 max_arch_pfn = 0x400000000
[    0.000000] MTRR: Disabled
[    0.000000] x86/PAT: MTRRs disabled, skipping PAT initialization too.
[    0.000000] CPU MTRRs all blank - virtualized system.
[    0.000000] x86/PAT: Configuration [0-7]: WB  WT  UC- UC  WB  WT  UC- UC  
[    0.000000] found SMP MP-table at [mem 0x0009fff0-0x0009ffff] mapped at [ffff88000009fff0]
[    0.000000] Scanning 1 areas for low memory corruption
[    0.000000] RAMDISK: [mem 0x1e891000-0x1f70ffff]
[    0.000000] ACPI: Early table checksum verification disabled
[    0.000000] ACPI: RSDP 0x00000000000E0000 000024 (v02 VBOX  )
[    0.000000] ACPI: XSDT 0x000000001FFF0030 00003C (v01 VBOX   VBOXXSDT 00000001 ASL  00000061)
[    0.000000] ACPI: FACP 0x000000001FFF00F0 0000F4 (v04 VBOX   VBOXFACP 00000001 ASL  00000061)
[    0.000000] ACPI: DSDT 0x000000001FFF0470 0022EA (v02 VBOX   VBOXBIOS 00000002 INTL 20100528)
[    0.000000] ACPI: FACS 0x000000001FFF0200 000040
[    0.000000] ACPI: FACS 0x000000001FFF0200 000040
[    0.000000] ACPI: APIC 0x000000001FFF0240 000054 (v02 VBOX   VBOXAPIC 00000001 ASL  00000061)
[    0.000000] ACPI: SSDT 0x000000001FFF02A0 0001CC (v01 VBOX   VBOXCPUT 00000002 INTL 20100528)
[    0.000000] No NUMA configuration found
[    0.000000] Faking a node at [mem 0x0000000000000000-0x000000001ffeffff]
[    0.000000] NODE_DATA(0) allocated [mem 0x1ffeb000-0x1ffeffff]
[    0.000000] kvm-clock: Using msrs 4b564d01 and 4b564d00
[    0.000000] kvm-clock: cpu 0, msr 0:1ffe3001, primary cpu clock
[    0.000000] kvm-clock: using sched offset of 4356808234 cycles
[    0.000000] clocksource: kvm-clock: mask: 0xffffffffffffffff max_cycles: 0x1cd42e4dffb, max_idle_ns: 881590591483 ns
[    0.000000] Zone ranges:
[    0.000000]   DMA      [mem 0x0000000000001000-0x0000000000ffffff]
[    0.000000]   DMA32    [mem 0x0000000001000000-0x000000001ffeffff]
[    0.000000]   Normal   empty
[    0.000000]   Device   empty
[    0.000000] Movable zone start for each node
[    0.000000] Early memory node ranges
[    0.000000]   node   0: [mem 0x0000000000001000-0x000000000009efff]
[    0.000000]   node   0: [mem 0x0000000000100000-0x000000001ffeffff]
[    0.000000] Initmem setup node 0 [mem 0x0000000000001000-0x000000001ffeffff]
[    0.000000] ACPI: PM-Timer IO Port: 0x4008
[    0.000000] IOAPIC[0]: apic_id 1, version 32, address 0xfec00000, GSI 0-23
[    0.000000] ACPI: INT_SRC_OVR (bus 0 bus_irq 0 global_irq 2 dfl dfl)
[    0.000000] ACPI: INT_SRC_OVR (bus 0 bus_irq 9 global_irq 9 low level)
[    0.000000] Using ACPI (MADT) for SMP configuration information
[    0.000000] smpboot: Allowing 1 CPUs, 0 hotplug CPUs
[    0.000000] PM: Registered nosave memory: [mem 0x00000000-0x00000fff]
[    0.000000] PM: Registered nosave memory: [mem 0x0009f000-0x0009ffff]
[    0.000000] PM: Registered nosave memory: [mem 0x000a0000-0x000effff]
[    0.000000] PM: Registered nosave memory: [mem 0x000f0000-0x000fffff]
[    0.000000] e820: [mem 0x20000000-0xfebfffff] available for PCI devices
[    0.000000] Booting paravirtualized kernel on KVM
[    0.000000] clocksource: refined-jiffies: mask: 0xffffffff max_cycles: 0xffffffff, max_idle_ns: 7645519600211568 ns
[    0.000000] setup_percpu: NR_CPUS:512 nr_cpumask_bits:512 nr_cpu_ids:1 nr_node_ids:1
[    0.000000] PERCPU: Embedded 33 pages/cpu @ffff88001fc00000 s95448 r8192 d31528 u2097152
[    0.000000] Built 1 zonelists in Node order, mobility grouping on.  Total pages: 128888
[    0.000000] Policy zone: DMA32
[    0.000000] Kernel command line: BOOT_IMAGE=/boot/vmlinuz-4.4.0-169-generic root=LABEL=cloudimg-rootfs ro console=tty1 console=ttyS0
[    0.000000] PID hash table entries: 2048 (order: 2, 16384 bytes)
[    0.000000] Memory: 481764K/523832K available (8623K kernel code, 1336K rwdata, 4036K rodata, 1488K init, 1288K bss, 42068K reserved, 0K cma-reserved)
[    0.000000] SLUB: HWalign=64, Order=0-3, MinObjects=0, CPUs=1, Nodes=1
[    0.000000] Kernel/User page tables isolation: enabled
[    0.000000] Hierarchical RCU implementation.
[    0.000000] 	Build-time adjustment of leaf fanout to 64.
[    0.000000] 	RCU restricting CPUs from NR_CPUS=512 to nr_cpu_ids=1.
[    0.000000] RCU: Adjusting geometry for rcu_fanout_leaf=64, nr_cpu_ids=1
[    0.000000] NR_IRQS:33024 nr_irqs:256 16
[    0.000000] Console: colour VGA+ 80x25
[    0.000000] console [tty1] enabled
[    0.000000] console [ttyS0] enabled
[    0.000000] tsc: Detected 1800.002 MHz processor
[    0.308630] Calibrating delay loop (skipped) preset value.. 3600.00 BogoMIPS (lpj=7200008)
[    0.311475] pid_max: default: 32768 minimum: 301
[    0.312873] ACPI: Core revision 20150930
[    0.319427] ACPI: 2 ACPI AML tables successfully acquired and loaded
[    0.321331] Security Framework initialized
[    0.322476] Yama: becoming mindful.
[    0.323671] AppArmor: AppArmor initialized
[    0.324825] Dentry cache hash table entries: 65536 (order: 7, 524288 bytes)
[    0.326659] Inode-cache hash table entries: 32768 (order: 6, 262144 bytes)
[    0.328369] Mount-cache hash table entries: 1024 (order: 1, 8192 bytes)
[    0.330252] Mountpoint-cache hash table entries: 1024 (order: 1, 8192 bytes)
[    0.332150] Initializing cgroup subsys io
[    0.333233] Initializing cgroup subsys memory
[    0.334365] Initializing cgroup subsys devices
[    0.335558] Initializing cgroup subsys freezer
[    0.336688] Initializing cgroup subsys net_cls
[    0.337986] Initializing cgroup subsys perf_event
[    0.339265] Initializing cgroup subsys net_prio
[    0.340517] Initializing cgroup subsys hugetlb
[    0.341721] Initializing cgroup subsys pids
[    0.345251] mce: CPU supports 0 MCE banks
[    0.346433] process: using mwait in idle threads
[    0.347704] Last level iTLB entries: 4KB 64, 2MB 8, 4MB 8
[    0.349068] Last level dTLB entries: 4KB 64, 2MB 0, 4MB 0, 1GB 4
[    0.350507] Spectre V1 : Mitigation: usercopy/swapgs barriers and __user pointer sanitization
[    0.352765] Spectre V2 : Mitigation: Full generic retpoline
[    0.354115] Spectre V2 : Spectre v2 / SpectreRSB mitigation: Filling RSB on context switch
[    0.356375] Speculative Store Bypass: Vulnerable
[    0.357736] MDS: Vulnerable: Clear CPU buffers attempted, no microcode
[    0.431475] Freeing SMP alternatives memory: 36K
[    0.444239] ftrace: allocating 32301 entries in 127 pages
[    0.583108] smpboot: APIC(0) Converting physical 0 to logical package 0
[    0.586212] smpboot: Max logical packages: 1
[    0.589000] x2apic enabled
[    0.591114] Switched APIC routing to physical x2apic.
[    0.596109] ..TIMER: vector=0x30 apic1=0 pin1=2 apic2=-1 pin2=-1
[    0.707180] smpboot: CPU0: Intel(R) Core(TM) i5-8250U CPU @ 1.60GHz (family: 0x6, model: 0x8e, stepping: 0xa)
[    0.712220] Performance Events: unsupported p6 CPU model 142 no PMU driver, software events only.
[    0.744790] KVM setup paravirtual spinlock
[    0.748093] x86: Booted up 1 node, 1 CPUs
[    0.750059] smpboot: Total of 1 processors activated (3600.00 BogoMIPS)
[    0.753607] devtmpfs: initialized
[    0.759583] evm: security.selinux
[    0.761553] evm: security.SMACK64
[    0.763414] evm: security.SMACK64EXEC
[    0.765349] evm: security.SMACK64TRANSMUTE
[    0.767461] evm: security.SMACK64MMAP
[    0.769409] evm: security.ima
[    0.771176] evm: security.capability
[    0.773255] clocksource: jiffies: mask: 0xffffffff max_cycles: 0xffffffff, max_idle_ns: 7645041785100000 ns
[    0.778016] futex hash table entries: 256 (order: 2, 16384 bytes)
[    0.780920] pinctrl core: initialized pinctrl subsystem
[    0.783566] RTC time: 22:35:27, date: 01/25/20
[    0.786145] NET: Registered protocol family 16
[    0.788673] cpuidle: using governor ladder
[    0.790684] cpuidle: using governor menu
[    0.792757] PCCT header not found.
[    0.794721] ACPI: bus type PCI registered
[    0.796692] acpiphp: ACPI Hot Plug PCI Controller Driver version: 0.5
[    0.799782] PCI: Using configuration type 1 for base access
[    0.811235] ACPI: Added _OSI(Module Device)
[    0.813351] ACPI: Added _OSI(Processor Device)
[    0.815937] ACPI: Added _OSI(3.0 _SCP Extensions)
[    0.818472] ACPI: Added _OSI(Processor Aggregator Device)
[    0.822454] ACPI: Executed 1 blocks of module-level executable AML code
[    0.831101] ACPI: Interpreter enabled
[    0.833127] ACPI: (supports S0 S5)
[    0.834861] ACPI: Using IOAPIC for interrupt routing
[    0.837699] PCI: Using host bridge windows from ACPI; if necessary, use "pci=nocrs" and report a bug
[    0.851506] ACPI: PCI Root Bridge [PCI0] (domain 0000 [bus 00-ff])
[    0.854458] acpi PNP0A03:00: _OSC: OS supports [ASPM ClockPM Segments MSI]
[    0.858554] acpi PNP0A03:00: _OSC: not requesting OS control; OS requires [ExtendedConfig ASPM ClockPM MSI]
[    0.863202] acpi PNP0A03:00: fail to add MMCONFIG information, can't access extended PCI configuration space under this bridge.
[    0.869194] PCI host bridge to bus 0000:00
[    0.871257] pci_bus 0000:00: root bus resource [io  0x0000-0x0cf7 window]
[    0.874221] pci_bus 0000:00: root bus resource [io  0x0d00-0xffff window]
[    0.877129] pci_bus 0000:00: root bus resource [mem 0x000a0000-0x000bffff window]
[    0.880929] pci_bus 0000:00: root bus resource [mem 0x20000000-0xfdffffff window]
[    0.884649] pci_bus 0000:00: root bus resource [bus 00-ff]
[    0.891843] pci 0000:00:01.1: legacy IDE quirk: reg 0x10: [io  0x01f0-0x01f7]
[    0.895131] pci 0000:00:01.1: legacy IDE quirk: reg 0x14: [io  0x03f6]
[    0.898030] pci 0000:00:01.1: legacy IDE quirk: reg 0x18: [io  0x0170-0x0177]
[    0.901108] pci 0000:00:01.1: legacy IDE quirk: reg 0x1c: [io  0x0376]
[    0.926941] pci 0000:00:07.0: quirk: [io  0x4000-0x403f] claimed by PIIX4 ACPI
[    0.953611] pci 0000:00:07.0: quirk: [io  0x4100-0x410f] claimed by PIIX4 SMB
[    0.964813] ACPI: PCI Interrupt Link [LNKA] (IRQs 5 9 10 *11)
[    0.969327] ACPI: PCI Interrupt Link [LNKB] (IRQs 5 9 *10 11)
[    0.973149] ACPI: PCI Interrupt Link [LNKC] (IRQs 5 *9 10 11)
[    0.977157] ACPI: PCI Interrupt Link [LNKD] (IRQs 5 9 10 *11)
[    0.981062] ACPI: Enabled 2 GPEs in block 00 to 07
[    0.984180] vgaarb: setting as boot device: PCI:0000:00:02.0
[    0.986853] vgaarb: device added: PCI:0000:00:02.0,decodes=io+mem,owns=io+mem,locks=none
[    0.990733] vgaarb: loaded
[    0.992269] vgaarb: bridge control possible 0000:00:02.0
[    0.995222] SCSI subsystem initialized
[    0.997437] ACPI: bus type USB registered
[    0.999487] usbcore: registered new interface driver usbfs
[    1.002049] usbcore: registered new interface driver hub
[    1.004667] usbcore: registered new device driver usb
[    1.007405] PCI: Using ACPI for IRQ routing
[    1.010347] NetLabel: Initializing
[    1.012142] NetLabel:  domain hash size = 128
[    1.014237] NetLabel:  protocols = UNLABELED CIPSOv4
[    1.016670] NetLabel:  unlabeled traffic allowed by default
[    1.019600] amd_nb: Cannot enumerate AMD northbridges
[    1.021968] clocksource: Switched to clocksource kvm-clock
[    1.043279] AppArmor: AppArmor Filesystem Enabled
[    1.045609] pnp: PnP ACPI init
[    1.049320] pnp: PnP ACPI: found 3 devices
[    1.058870] clocksource: acpi_pm: mask: 0xffffff max_cycles: 0xffffff, max_idle_ns: 2085701024 ns
[    1.063103] NET: Registered protocol family 2
[    1.065435] TCP established hash table entries: 4096 (order: 3, 32768 bytes)
[    1.068774] TCP bind hash table entries: 4096 (order: 4, 65536 bytes)
[    1.071757] TCP: Hash tables configured (established 4096 bind 4096)
[    1.074664] UDP hash table entries: 256 (order: 1, 8192 bytes)
[    1.077311] UDP-Lite hash table entries: 256 (order: 1, 8192 bytes)
[    1.080054] NET: Registered protocol family 1
[    1.082234] pci 0000:00:00.0: Limiting direct PCI/PCI transfers
[    1.084902] pci 0000:00:01.0: Activating ISA DMA hang workarounds
[    1.087902] Unpacking initramfs...
[    1.638865] Freeing initrd memory: 14844K
[    1.640359] clocksource: tsc: mask: 0xffffffffffffffff max_cycles: 0x19f22b76be8, max_idle_ns: 440795216487 ns
[    1.643185] platform rtc_cmos: registered platform RTC device (no PNP device found)
[    1.645459] Scanning for low memory corruption every 60 seconds
[    1.647400] audit: initializing netlink subsys (disabled)
[    1.648934] audit: type=2000 audit(1579991733.300:1): initialized
[    1.651006] Initialise system trusted keyring
[    1.652421] HugeTLB registered 2 MB page size, pre-allocated 0 pages
[    1.656884] zbud: loaded
[    1.658714] VFS: Disk quotas dquot_6.6.0
[    1.660285] VFS: Dquot-cache hash table entries: 512 (order 0, 4096 bytes)
[    1.663346] squashfs: version 4.0 (2009/01/31) Phillip Lougher
[    1.666482] fuse init (API version 7.23)
[    1.668899] Key type big_key registered
[    1.670941] Allocating IMA MOK and blacklist keyrings.
[    1.673765] Key type asymmetric registered
[    1.675847] Asymmetric key parser 'x509' registered
[    1.678331] Block layer SCSI generic (bsg) driver version 0.4 loaded (major 249)
[    1.682062] io scheduler noop registered
[    1.684010] io scheduler deadline registered (default)
[    1.686543] io scheduler cfq registered
[    1.688822] pci_hotplug: PCI Hot Plug PCI Core version: 0.5
[    1.691582] pciehp: PCI Express Hot Plug Controller Driver version: 0.4
[    1.694824] ACPI: AC Adapter [AC] (off-line)
[    1.697006] input: Power Button as /devices/LNXSYSTM:00/LNXPWRBN:00/input/input0
[    1.700898] ACPI: Power Button [PWRF]
[    1.702848] input: Sleep Button as /devices/LNXSYSTM:00/LNXSLPBN:00/input/input1
[    1.706743] ACPI: Sleep Button [SLPF]
[    1.710543] ACPI: Battery Slot [BAT0] (battery present)
[    1.713006] GHES: HEST is not enabled!
[    1.715228] Serial: 8250/16550 driver, 32 ports, IRQ sharing enabled
[    1.739767] 00:02: ttyS0 at I/O 0x3f8 (irq = 4, base_baud = 115200) is a 16550A
[    1.745879] Linux agpgart interface v0.103
[    1.756899] loop: module loaded
[    1.759821] scsi host0: ata_piix
[    1.761752] scsi host1: ata_piix
[    1.763652] ata1: PATA max UDMA/33 cmd 0x1f0 ctl 0x3f6 bmdma 0xd000 irq 14
[    1.766741] ata2: PATA max UDMA/33 cmd 0x170 ctl 0x376 bmdma 0xd008 irq 15
[    1.771254] libphy: Fixed MDIO Bus: probed
[    1.773191] tun: Universal TUN/TAP device driver, 1.6
[    1.775552] tun: (C) 1999-2004 Max Krasnyansky <maxk@qualcomm.com>
[    1.778551] PPP generic driver version 2.4.2
[    1.780780] ehci_hcd: USB 2.0 'Enhanced' Host Controller (EHCI) Driver
[    1.783728] ehci-pci: EHCI PCI platform driver
[    1.785881] ehci-platform: EHCI generic platform driver
[    1.788364] ohci_hcd: USB 1.1 'Open' Host Controller (OHCI) Driver
[    1.791314] ohci-pci: OHCI PCI platform driver
[    1.793461] ohci-platform: OHCI generic platform driver
[    1.795977] uhci_hcd: USB Universal Host Controller Interface driver
[    1.798968] i8042: PNP: PS/2 Controller [PNP0303:PS2K,PNP0f03:PS2M] at 0x60,0x64 irq 1,12
[    1.804057] serio: i8042 KBD port at 0x60,0x64 irq 1
[    1.806553] serio: i8042 AUX port at 0x60,0x64 irq 12
[    1.809128] mousedev: PS/2 mouse device common for all mice
[    1.812358] input: AT Translated Set 2 keyboard as /devices/platform/i8042/serio0/input/input2
[    1.817129] rtc_cmos rtc_cmos: rtc core: registered rtc_cmos as rtc0
[    1.820756] rtc_cmos rtc_cmos: alarms up to one day, 114 bytes nvram
[    1.823698] i2c /dev entries driver
[    1.825751] device-mapper: uevent: version 1.0.3
[    1.828109] device-mapper: ioctl: 4.34.0-ioctl (2015-10-28) initialised: dm-devel@redhat.com
[    1.832368] ledtrig-cpu: registered to indicate activity on CPUs
[    1.835838] NET: Registered protocol family 10
[    1.838285] NET: Registered protocol family 17
[    1.840645] Key type dns_resolver registered
[    1.843156] registered taskstats version 1
[    1.845242] Loading compiled-in X.509 certificates
[    1.848755] Loaded X.509 cert 'Build time autogenerated kernel key: ef3203c14e3994470d47ef6a7e15c1ade40f8e1e'
[    1.853638] zswap: loaded using pool lzo/zbud
[    1.859016] Key type trusted registered
[    1.866426] Key type encrypted registered
[    1.868470] AppArmor: AppArmor sha1 policy hashing enabled
[    1.871211] ima: No TPM chip found, activating TPM-bypass!
[    1.873733] ima: Allocated hash algorithm: sha1
[    1.875996] evm: HMAC attrs: 0x1
[    1.878404]   Magic number: 4:213:604
[    1.880444] rtc_cmos rtc_cmos: setting system clock to 2020-01-25 22:35:28 UTC (1579991728)
[    1.884894] BIOS EDD facility v0.16 2004-Jun-25, 0 devices found
[    1.887728] EDD information not available.
[    1.928016] Freeing unused kernel memory: 1488K
[    1.930484] Write protecting the kernel read-only data: 14336k
[    1.934499] Freeing unused kernel memory: 1604K
[    1.937146] Freeing unused kernel memory: 60K
Loading, please wait...
starting version 229
[    1.965585] random: udevadm: uninitialized urandom read (16 bytes read, 5 bits of entropy available)
[    1.970961] random: systemd-udevd: uninitialized urandom read (16 bytes read, 5 bits of entropy available)
[    1.975778] random: systemd-udevd: uninitialized urandom read (16 bytes read, 5 bits of entropy available)
[    1.980294] random: udevadm: uninitialized urandom read (16 bytes read, 5 bits of entropy available)
[    1.984650] random: systemd-udevd: uninitialized urandom read (16 bytes read, 5 bits of entropy available)
[    1.998746] random: systemd-udevd: uninitialized urandom read (16 bytes read, 5 bits of entropy available)
[    2.016285] random: systemd-udevd: uninitialized urandom read (16 bytes read, 5 bits of entropy available)
[    2.024656] random: systemd-udevd: uninitialized urandom read (16 bytes read, 5 bits of entropy available)
[    2.031707] random: udevadm: uninitialized urandom read (16 bytes read, 5 bits of entropy available)
[    2.036318] random: systemd-udevd: uninitialized urandom read (16 bytes read, 5 bits of entropy available)
[    2.186338] e1000: Intel(R) PRO/1000 Network Driver - version 7.3.21-k8-NAPI
[    2.189377] e1000: Copyright (c) 1999-2006 Intel Corporation.
[    2.197426] Fusion MPT base driver 3.04.20
[    2.199536] Copyright (c) 1999-2008 LSI Corporation
[    2.240974] Fusion MPT SPI Host driver 3.04.20
[    2.321742] AVX2 version of gcm_enc/dec engaged.
[    2.324121] AES CTR mode by8 optimization enabled
[    2.435042] input: ImExPS/2 Generic Explorer Mouse as /devices/platform/i8042/serio1/input/input4
[    2.789521] e1000 0000:00:03.0 eth0: (PCI:33MHz:32-bit) 02:1a:6e:a3:7e:96
[    2.792873] e1000 0000:00:03.0 eth0: Intel(R) PRO/1000 Network Connection
[    2.799113] e1000 0000:00:03.0 enp0s3: renamed from eth0
[    2.803985] mptbase: ioc0: Initiating bringup
[    2.866689] ioc0: LSI53C1030 A0: Capabilities={Initiator}
[    3.035489] scsi host2: ioc0: LSI53C1030 A0, FwRev=00000000h, Ports=1, MaxQ=256, IRQ=20
[    3.151253] scsi 2:0:0:0: Direct-Access     VBOX     HARDDISK         1.0  PQ: 0 ANSI: 5
[    3.155704] scsi target2:0:0: Beginning Domain Validation
[    3.162078] scsi target2:0:0: Domain Validation skipping write tests
[    3.164989] scsi target2:0:0: Ending Domain Validation
[    3.167615] scsi target2:0:0: asynchronous
[    3.171038] scsi 2:0:1:0: Direct-Access     VBOX     HARDDISK         1.0  PQ: 0 ANSI: 5
[    3.174937] scsi target2:0:1: Beginning Domain Validation
[    3.181482] scsi target2:0:1: Domain Validation skipping write tests
[    3.184416] scsi target2:0:1: Ending Domain Validation
[    3.186827] scsi target2:0:1: asynchronous
[    3.199121] sd 2:0:0:0: Attached scsi generic sg0 type 0
[    3.224672] sd 2:0:0:0: [sda] 20971520 512-byte logical blocks: (10.7 GB/10.0 GiB)
[    3.229457] sd 2:0:0:0: [sda] Write Protect is off
[    3.232290] sd 2:0:0:0: [sda] Incomplete mode parameter data
[    3.235092] sd 2:0:0:0: [sda] Assuming drive cache: write through
[    3.238602] sd 2:0:1:0: [sdb] 20480 512-byte logical blocks: (10.5 MB/10.0 MiB)
[    3.242292] sd 2:0:1:0: Attached scsi generic sg1 type 0
[    3.245259] sd 2:0:1:0: [sdb] Write Protect is off
[    3.248469] sd 2:0:1:0: [sdb] Incomplete mode parameter data
[    3.251117] sd 2:0:1:0: [sdb] Assuming drive cache: write through
[    3.257093]  sda: sda1
[    3.260663] sd 2:0:0:0: [sda] Attached SCSI disk
[    3.264763] sd 2:0:1:0: [sdb] Attached SCSI disk
Begin: Loading essential drivers ... [    5.115057] md: linear personality registered for level -1
[    5.123228] md: multipath personality registered for level -4
[    5.131563] md: raid0 personality registered for level 0
[    5.142144] md: raid1 personality registered for level 1
[    5.222084] raid6: sse2x1   gen()  4808 MB/s
[    5.290415] raid6: sse2x1   xor()  3543 MB/s
[    5.358220] raid6: sse2x2   gen()  5817 MB/s
[    5.426069] raid6: sse2x2   xor()  4047 MB/s
[    5.494392] raid6: sse2x4   gen()  6713 MB/s
[    5.562226] raid6: sse2x4   xor()  4496 MB/s
[    5.630076] raid6: avx2x1   gen()  9386 MB/s
[    5.698362] raid6: avx2x2   gen() 10663 MB/s
[    5.766215] raid6: avx2x4   gen() 11852 MB/s
[    5.768253] raid6: using algorithm avx2x4 gen() 11852 MB/s
[    5.770738] raid6: using avx2x2 recovery algorithm
[    5.776416] xor: automatically using best checksumming function:
[    5.818480]    avx       : 11676.000 MB/sec
[    5.823698] async_tx: api initialized (async)
[    5.852352] md: raid6 personality registered for level 6
[    5.854745] md: raid5 personality registered for level 5
[    5.857216] md: raid4 personality registered for level 4
[    5.872782] md: raid10 personality registered for level 10
done.
Begin: Running /scripts/init-premount ... done.
Begin: Mounting root file system ... Begin: Running /scripts/local-top ... done.
Begin: Running /scripts/local-premount ... [    5.948273] Btrfs loaded
Scanning for Btrfs filesystems
done.
Warning: fsck not present, so skipping root file system
[    6.005997] EXT4-fs (sda1): INFO: recovery required on readonly filesystem
[    6.009079] EXT4-fs (sda1): write access will be enabled during recovery
[    6.047303] EXT4-fs (sda1): recovery complete
[    6.050125] EXT4-fs (sda1): mounted filesystem with ordered data mode. Opts: (null)
done.
Begin: Running /scripts/local-bottom ... done.
Begin: Running /scripts/init-bottom ... done.
[    6.201776] systemd[1]: systemd 229 running in system mode. (+PAM +AUDIT +SELINUX +IMA +APPARMOR +SMACK +SYSVINIT +UTMP +LIBCRYPTSETUP +GCRYPT +GNUTLS +ACL +XZ -LZ4 +SECCOMP +BLKID +ELFUTILS +KMOD -IDN)
[    6.209304] systemd[1]: Detected virtualization oracle.
[    6.211725] systemd[1]: Detected architecture x86-64.

Welcome to [1mUbuntu 16.04.6 LTS[0m!

[    6.217343] systemd[1]: Set hostname to <ubuntu-xenial>.
[    6.504935] systemd[1]: Started Trigger resolvconf update for networkd DNS.
[[0;32m  OK  [0m] Started Trigger resolvconf update for networkd DNS.
[    6.510551] systemd[1]: Listening on Journal Audit Socket.
[[0;32m  OK  [0m] Listening on Journal Audit Socket.
[    6.522396] systemd[1]: Reached target Encrypted Volumes.
[[0;32m  OK  [0m] Reached target Encrypted Volumes.
[    6.527091] systemd[1]: Listening on Device-mapper event daemon FIFOs.
[[0;32m  OK  [0m] Listening on Device-mapper event daemon FIFOs.
[    6.532954] systemd[1]: Listening on /dev/initctl Compatibility Named Pipe.
[[0;32m  OK  [0m] Listening on /dev/initctl Compatibility Named Pipe.
[    6.538474] systemd[1]: Reached target System Time Synchronized.
[[0;32m  OK  [0m] Reached target System Time Synchronized.
[    6.551414] systemd[1]: Set up automount Arbitrary Executable File Formats File System Automount Point.
[[0;32m  OK  [0m] Set up automount Arbitrary Executab...ats File System Automount Point.
[    6.558519] systemd[1]: Listening on Syslog Socket.
[[0;32m  OK  [0m] Listening on Syslog Socket.
[    6.563677] systemd[1]: Listening on udev Kernel Socket.
[[0;32m  OK  [0m] Listening on udev Kernel Socket.
[    6.568228] systemd[1]: Listening on Journal Socket (/dev/log).
[[0;32m  OK  [0m] Listening on Journal Socket (/dev/log).
[    6.573853] systemd[1]: Created slice System Slice.
[[0;32m  OK  [0m] Created slice System Slice.
[    6.577861] systemd[1]: Listening on LVM2 poll daemon socket.
[[0;32m  OK  [0m] Listening on LVM2 poll daemon socket.
[    6.582435] systemd[1]: Listening on LVM2 metadata daemon socket.
[[0;32m  OK  [0m] Listening on LVM2 metadata daemon socket.
[    6.586846] systemd[1]: Listening on Journal Socket.
[[0;32m  OK  [0m] Listening on Journal Socket.
[    6.596163] systemd[1]: Starting Load Kernel Modules...
         Starting Load Kernel Modules...
[    6.608108] systemd[1]: Starting Journal Service...
         Starting Journal Service...
[    6.621497] Loading iSCSI transport class v2.0-870.
[    6.627778] systemd[1]: Starting Create list of required static device nodes for the current kernel...
         Starting Create list of required st... nodes for the current kernel...
[    6.644339] systemd[1]: Mounting Huge Pages File System...
         Mounting Huge Pages File System...
[    6.657340] systemd[1]: Starting Monitoring of LVM2 mirrors, snapshots etc. using dmeventd or progress polling...
[    6.672161] iscsi: registered transport (tcp)
         Starting Monitoring of LVM2 mirrors... dmeventd or progress polling...
[    6.677307] systemd[1]: Listening on udev Control Socket.
[[0;32m  OK  [0m] Listening on udev Control Socket.
[    6.685340] systemd[1]: Starting Set console keymap...
         Starting Set console keymap...
[    6.714166] systemd[1]: Starting Remount Root and Kernel File Systems...
         Starting Remount Root and Kernel File Systems...
[    6.724581] systemd[1]: Created slice system-serial\x2dgetty.slice.
[[0;32m  OK  [0m] Created slice system-serial\x2dgetty.slice.
[    6.736937] systemd[1]: Reached target Swap.
[[0;32m  OK  [0m] Reached target Swap.
[    6.743030] systemd[1]: Created slice User and Session Slice.
[[0;32m  OK  [0m] Created slice User and Session Slice.
[    6.751224] systemd[1]: Reached target Slices.
[[0;32m  OK  [0m] Reached target Slices.
[    6.757837] systemd[1]: Mounting Debug File System...
[    6.760388] EXT4-fs (sda1): re-mounted. Opts: (null)
         Mounting Debug File System...
[    6.768024] systemd[1]: Started Forward Password Requests to Wall Directory Watch.
[[0;32m  OK  [0m] Started Forward Password Requests to Wall Directory Watch.
[    6.778363] systemd[1]: Reached target User and Group Name Lookups.
[[0;32m  OK  [0m] Reached target User and Group Name Lookups.
[    6.793527] systemd[1]: Mounting POSIX Message Queue File System...
         Mounting POSIX Message Queue File System...
[    6.805059] systemd[1]: Starting Uncomplicated firewall...
         Starting Uncomplicated firewall...
[    6.840638] systemd[1]: Starting Nameserver information manager...
         Starting Nameserver information manager...
[    6.850742] random: nonblocking pool is initialized
[    6.861421] systemd[1]: Mounted POSIX Message Queue File System.
[[0;32m  OK  [0m] Mounted POSIX Message Queue File System.
[    6.870751] systemd[1]: Mounted Debug File System.
[[0;32m  OK  [0m] Mounted Debug File System.
[    6.876159] systemd[1]: Mounted Huge Pages File System.
[[0;32m  OK  [0m] Mounted Huge Pages File System.
[    6.890930] systemd[1]: Started Journal Service.
[[0;32m  OK  [0m] Started Journal Service.
[[0;32m  OK  [0m] Started Create list of required sta...ce nodes for the current kernel.
[[0;32m  OK  [0m] Started Remount Root and Kernel File Systems.
[[0;32m  OK  [0m] Started Uncomplicated firewall.
[[0;32m  OK  [0m] Started Nameserver information manager.
[    6.998272] iscsi: registered transport (iser)
[[0;32m  OK  [0m] Started Load Kernel Modules.
         Mounting FUSE Control File System...
         Starting Apply Kernel Variables...
[[0;32m  OK  [0m] Started LVM2 metadata daemon.
         Starting udev Coldplug all Devices...
         Starting Load/Save Random Seed...
         Starting Create Static Device Nodes in /dev...
         Starting Flush Journal to Persistent Storage...
[[0;32m  OK  [0m] Mounted FUSE Control File System.
[[0;32m  OK  [0m] Started Apply Kernel Variables.
[[0;32m  OK  [0m] Started Load/Save Random Seed.
[[0;32m  OK  [0m] Started Create Static Device Nodes in /dev.
[[0;32m  OK  [0m] Started Set console keymap.
[[0;32m  OK  [0m] Started Flush Journal to Persistent Storage.
         Starting udev Kernel Device Manager...
[[0;32m  OK  [0m] Started udev Coldplug all Devices.
[[0;32m  OK  [0m] Started udev Kernel Device Manager.
[[0;32m  OK  [0m] Started Dispatch Password Requests to Console Directory Watch.
[[0;32m  OK  [0m] Started Monitoring of LVM2 mirrors,...ng dmeventd or progress polling.
[[0;32m  OK  [0m] Reached target Local File Systems (Pre).
[[0;32m  OK  [0m] Reached target Local File Systems.
         Starting Create Volatile Files and Directories...
         Starting Tell Plymouth To Write Out Runtime Data...
         Starting Initial cloud-init job (pre-networking)...
         Starting LSB: AppArmor initialization...
         Starting Set console font and keymap...
         Starting Enable support for additional executable binary formats...
[[0;32m  OK  [0m] Started Tell Plymouth To Write Out Runtime Data.
[[0;32m  OK  [0m] Started Create Volatile Files and Directories.
         Starting Update UTMP about System Boot/Shutdown...
         Mounting Arbitrary Executable File Formats File System...
[[0;32m  OK  [0m] Mounted Arbitrary Executable File Formats File System.
[[0;32m  OK  [0m] Started Enable support for additional executable binary formats.
[[0;32m  OK  [0m] Started Update UTMP about System Boot/Shutdown.
[[0;32m  OK  [0m] Started LSB: AppArmor initialization.
[[0;32m  OK  [0m] Found device /dev/ttyS0.
[[0;32m  OK  [0m] Listening on Load/Save RF Kill Switch Status /dev/rfkill Watch.
[[0;32m  OK  [0m] Found device 82540EM Gigabit Ethern...r (PRO/1000 MT Desktop Adapter).
[[0;32m  OK  [0m] Started Set console font and keymap.
[[0;32m  OK  [0m] Created slice system-getty.slice.
[   12.288665] cloud-init[487]: Cloud-init v. 19.2-36-g059d049c-0ubuntu2~16.04.1 running 'init-local' at Sat, 25 Jan 2020 22:35:38 +0000. Up 11.33 seconds.
[[0;32m  OK  [0m] Started Initial cloud-init job (pre-networking).
[[0;32m  OK  [0m] Reached target Network (Pre).
         Starting Raise network interfaces...
[[0;32m  OK  [0m] Started ifup for enp0s3.
[[0;32m  OK  [0m] Started Raise network interfaces.
         Starting Initial cloud-init job (metadata service crawler)...
[[0;32m  OK  [0m] Reached target Network.
[   14.453280] cloud-init[975]: Cloud-init v. 19.2-36-g059d049c-0ubuntu2~16.04.1 running 'init' at Sat, 25 Jan 2020 22:35:40 +0000. Up 13.73 seconds.
[   14.456089] cloud-init[975]: ci-info: ++++++++++++++++++++++++++++++++++++++Net device info++++++++++++++++++++++++++++++++++++++
[   14.458994] cloud-init[975]: ci-info: +--------+------+----------------------------+---------------+--------+-------------------+
[   14.461993] cloud-init[975]: ci-info: | Device |  Up  |          Address           |      Mask     | Scope  |     Hw-Address    |
[   14.464865] cloud-init[975]: ci-info: +--------+------+----------------------------+---------------+--------+-------------------+
[   14.472900] cloud-init[975]: ci-info: | enp0s3 | True |         10.0.2.15          | 255.255.255.0 | global | 02:1a:6e:a3:7e:96 |
[   14.475627] cloud-init[975]: ci-info: | enp0s3 | True | fe80::1a:6eff:fea3:7e96/64 |       .       |  link  | 02:1a:6e:a3:7e:96 |
[   14.488697] cloud-init[975]: ci-info: |   lo   | True |         127.0.0.1          |   255.0.0.0   |  host  |         .         |
[   14.491729] cloud-init[975]: ci-info: |   lo   | True |          ::1/128           |       .       |  host  |         .         |
[   14.504631] cloud-init[975]: ci-info: +--------+------+----------------------------+---------------+--------+-------------------+
[   14.513051] cloud-init[975]: ci-info: +++++++++++++++++++++++++++Route IPv4 info++++++++++++++++++++++++++++
[   14.515519] cloud-init[975]: ci-info: +-------+-------------+----------+---------------+-----------+-------+
[   14.522312] cloud-init[975]: ci-info: | Route | Destination | Gateway  |    Genmask    | Interface | Flags |
[   14.532678] cloud-init[975]: ci-info: +-------+-------------+----------+---------------+-----------+-------+
[   14.540619] cloud-init[975]: ci-info: |   0   |   0.0.0.0   | 10.0.2.2 |    0.0.0.0    |   enp0s3  |   UG  |
[   14.543325] cloud-init[975]: ci-info: |   1   |   10.0.2.0  | 0.0.0.0  | 255.255.255.0 |   enp0s3  |   U   |
[   14.550440] cloud-init[975]: ci-info: +-------+-------------+----------+---------------+-----------+-------+
[   14.553160] cloud-init[975]: ci-info: +++++++++++++++++++Route IPv6 info+++++++++++++++++++
[   14.556812] cloud-init[975]: ci-info: +-------+-------------+---------+-----------+-------+
[   14.558887] cloud-init[975]: ci-info: | Route | Destination | Gateway | Interface | Flags |
[   14.561148] cloud-init[975]: ci-info: +-------+-------------+---------+-----------+-------+
[   14.564598] cloud-init[975]: ci-info: |   0   |  fe80::/64  |    ::   |   enp0s3  |   U   |
[   14.566803] cloud-init[975]: ci-info: |   3   |   ff00::/8  |    ::   |   enp0s3  |   U   |
[   14.572616] cloud-init[975]: ci-info: +-------+-------------+---------+-----------+-------+
[[0;32m  OK  [0m] Started Initial cloud-init job (metadata service crawler).
[[0;32m  OK  [0m] Reached target Cloud-config availability.
[[0;32m  OK  [0m] Reached target Network is Online.
         Starting iSCSI initiator daemon (iscsid)...
[[0;32m  OK  [0m] Reached target System Initialization.
[[0;32m  OK  [0m] Listening on ACPID Listen Socket.
[[0;32m  OK  [0m] Listening on UUID daemon activation socket.
         Starting LXD - unix socket.
[[0;32m  OK  [0m] Started Message of the Day.
[[0;32m  OK  [0m] Started Daily Cleanup of Temporary Directories.
[[0;32m  OK  [0m] Listening on D-Bus System Message Bus Socket.
[[0;32m  OK  [0m] Started Daily apt download activities.
[[0;32m  OK  [0m] Started Daily apt upgrade and clean activities.
[[0;32m  OK  [0m] Reached target Timers.
         Starting Socket activation for snappy daemon.
[[0;32m  OK  [0m] Started ACPI Events Check.
[[0;32m  OK  [0m] Reached target Paths.
[[0;32m  OK  [0m] Listening on LXD - unix socket.
[[0;32m  OK  [0m] Listening on Socket activation for snappy daemon.
[[0;32m  OK  [0m] Started iSCSI initiator daemon (iscsid).
         Starting Login to default iSCSI targets...
[[0;32m  OK  [0m] Reached target Sockets.
[[0;32m  OK  [0m] Reached target Basic System.
[[0;32m  OK  [0m] Started D-Bus System Message Bus.
[[0;32m  OK  [0m] Started ACPI event daemon.
         Starting /etc/rc.local Compatibility...
[[0;32m  OK  [0m] Started Deferred execution scheduler.
         Starting Accounts Service...
         Starting Virtualbox guest utils...
[[0;32m  OK  [0m] Started Regular background program processing daemon.
         Starting Message of the Day...
         Starting LSB: MD monitoring daemon...
         Starting Login Service...
[[0;32m  OK  [0m] Started FUSE filesystem for LXC.
         Starting Snappy daemon...
         Starting LXD - container startup/shutdown...
         Starting System Logging Service...
         Starting OpenBSD Secure Shell server...
         Starting LSB: Record successful boot for GRUB...
[[0;32m  OK  [0m] Started /etc/rc.local Compatibility.
[[0;32m  OK  [0m] Started System Logging Service.
[[0;32m  OK  [0m] Started Login to default iSCSI targets.
[[0;32m  OK  [0m] Started Login Service.
[[0;32m  OK  [0m] Started Unattended Upgrades Shutdown.
         Starting Authenticate and Authorize Users to Run Privileged Tasks...
[[0;32m  OK  [0m] Reached target Remote File Systems (Pre).
[[0;32m  OK  [0m] Reached target Remote File Systems.
         Starting LSB: Set the CPU Frequency Scaling governor to "ondemand"...
         Starting Permit User Sessions...
         Starting LSB: automatic crash report generation...
         Starting LSB: daemon to balance interrupts for SMP systems...
[[0;32m  OK  [0m] Started Permit User Sessions.
[[0;32m  OK  [0m] Started OpenBSD Secure Shell server.
[[0;32m  OK  [0m] Started LSB: Record successful boot for GRUB.
         Starting Terminate Plymouth Boot Screen...
         Starting Hold until boot process finishes up...
[[0;32m  OK  [0m] Started Terminate Plymouth Boot Screen.
[[0;32m  OK  [0m] Started Hold until boot process finishes up.
[[0;32m  OK  [0m] Started LXD - container startup/shutdown.
         Starting Set console scheme...
[[0;32m  OK  [0m] Started Serial Getty on ttyS0.
[[0;32m  OK  [0m] Started Getty on tty1.
[[0;32m  OK  [0m] Reached target Login Prompts.
[[0;32m  OK  [0m] Started LSB: MD monitoring daemon.
[[0;32m  OK  [0m] Started Set console scheme.
[[0;32m  OK  [0m] Started LSB: Set the CPU Frequency Scaling governor to "ondemand".
[[0;32m  OK  [0m] Started Authenticate and Authorize Users to Run Privileged Tasks.
[[0;32m  OK  [0m] Started Accounts Service.
[[0;32m  OK  [0m] Started LSB: daemon to balance interrupts for SMP systems.
[[0;32m  OK  [0m] Started LSB: automatic crash report generation.
[[0;32m  OK  [0m] Started Virtualbox guest utils.
[[0;32m  OK  [0m] Started Snappy daemon.
         Starting Wait until snapd is fully seeded...
[[0;32m  OK  [0m] Started Wait until snapd is fully seeded.
[[0;32m  OK  [0m] Reached target Multi-User System.
[[0;32m  OK  [0m] Reached target Graphical Interface.
         Starting Update UTMP about System Runlevel Changes...
         Starting Apply the settings specified in cloud-config...
[[0;32m  OK  [0m] Started Update UTMP about System Runlevel Changes.
[   19.302457] cloud-init[1274]: Cloud-init v. 19.2-36-g059d049c-0ubuntu2~16.04.1 running 'modules:config' at Sat, 25 Jan 2020 22:35:45 +0000. Up 18.57 seconds.
[[0;32m  OK  [0m] Started Apply the settings specified in cloud-config.
         Starting Execute cloud user/final scripts...
[[0;32m  OK  [0m] Started Message of the Day.
[[0;32m  OK  [0m] Created slice User Slice of vagrant.
         Starting User Manager for UID 1000...
[[0;32m  OK  [0m] Started Session 1 of user vagrant.
[[0;32m  OK  [0m] Started User Manager for UID 1000.
[   21.597443] cloud-init[1294]: Cloud-init v. 19.2-36-g059d049c-0ubuntu2~16.04.1 running 'modules:final' at Sat, 25 Jan 2020 22:35:47 +0000. Up 20.95 seconds.
[   21.617021] cloud-init[1294]: Cloud-init v. 19.2-36-g059d049c-0ubuntu2~16.04.1 finished at Sat, 25 Jan 2020 22:35:48 +0000. Datasource DataSourceNoCloud [seed=/dev/sdb][dsmode=net].  Up 21.55 seconds

Ubuntu 16.04.6 LTS ubuntu-xenial ttyS0

ubuntu-xenial login: 