[    0.000000] Linux version 4.15.0-74-generic (buildd@lcy01-amd64-022) (gcc version 7.4.0 (Ubuntu 7.4.0-1ubuntu1~18.04.1)) #84-Ubuntu SMP Thu Dec 19 08:06:28 UTC 2019 (Ubuntu 4.15.0-74.84-generic 4.15.18)
[    0.000000] Command line: BOOT_IMAGE=/boot/vmlinuz-4.15.0-74-generic root=LABEL=cloudimg-rootfs ro console=tty1 console=ttyS0
[    0.000000] KERNEL supported cpus:
[    0.000000]   Intel GenuineIntel
[    0.000000]   AMD AuthenticAMD
[    0.000000]   Centaur CentaurHauls
[    0.000000] x86/fpu: Supporting XSAVE feature 0x001: 'x87 floating point registers'
[    0.000000] x86/fpu: Supporting XSAVE feature 0x002: 'SSE registers'
[    0.000000] x86/fpu: Supporting XSAVE feature 0x004: 'AVX registers'
[    0.000000] x86/fpu: xstate_offset[2]:  576, xstate_sizes[2]:  256
[    0.000000] x86/fpu: Enabled xstate features 0x7, context size is 832 bytes, using 'standard' format.
[    0.000000] e820: BIOS-provided physical RAM map:
[    0.000000] BIOS-e820: [mem 0x0000000000000000-0x000000000009fbff] usable
[    0.000000] BIOS-e820: [mem 0x000000000009fc00-0x000000000009ffff] reserved
[    0.000000] BIOS-e820: [mem 0x00000000000f0000-0x00000000000fffff] reserved
[    0.000000] BIOS-e820: [mem 0x0000000000100000-0x000000001ffeffff] usable
[    0.000000] BIOS-e820: [mem 0x000000001fff0000-0x000000001fffffff] ACPI data
[    0.000000] BIOS-e820: [mem 0x00000000fec00000-0x00000000fec00fff] reserved
[    0.000000] BIOS-e820: [mem 0x00000000fee00000-0x00000000fee00fff] reserved
[    0.000000] BIOS-e820: [mem 0x00000000fffc0000-0x00000000ffffffff] reserved
[    0.000000] NX (Execute Disable) protection: active
[    0.000000] SMBIOS 2.5 present.
[    0.000000] DMI: innotek GmbH VirtualBox/VirtualBox, BIOS VirtualBox 12/01/2006
[    0.000000] Hypervisor detected: KVM
[    0.000000] e820: last_pfn = 0x1fff0 max_arch_pfn = 0x400000000
[    0.000000] MTRR: Disabled
[    0.000000] x86/PAT: MTRRs disabled, skipping PAT initialization too.
[    0.000000] CPU MTRRs all blank - virtualized system.
[    0.000000] x86/PAT: Configuration [0-7]: WB  WT  UC- UC  WB  WT  UC- UC  
[    0.000000] found SMP MP-table at [mem 0x0009fff0-0x0009ffff]
[    0.000000] Scanning 1 areas for low memory corruption
[    0.000000] RAMDISK: [mem 0x1dc1a000-0x1eed9fff]
[    0.000000] ACPI: Early table checksum verification disabled
[    0.000000] ACPI: RSDP 0x00000000000E0000 000024 (v02 VBOX  )
[    0.000000] ACPI: XSDT 0x000000001FFF0030 00003C (v01 VBOX   VBOXXSDT 00000001 ASL  00000061)
[    0.000000] ACPI: FACP 0x000000001FFF00F0 0000F4 (v04 VBOX   VBOXFACP 00000001 ASL  00000061)
[    0.000000] ACPI: DSDT 0x000000001FFF0470 0022EA (v02 VBOX   VBOXBIOS 00000002 INTL 20100528)
[    0.000000] ACPI: FACS 0x000000001FFF0200 000040
[    0.000000] ACPI: FACS 0x000000001FFF0200 000040
[    0.000000] ACPI: APIC 0x000000001FFF0240 000054 (v02 VBOX   VBOXAPIC 00000001 ASL  00000061)
[    0.000000] ACPI: SSDT 0x000000001FFF02A0 0001CC (v01 VBOX   VBOXCPUT 00000002 INTL 20100528)
[    0.000000] No NUMA configuration found
[    0.000000] Faking a node at [mem 0x0000000000000000-0x000000001ffeffff]
[    0.000000] NODE_DATA(0) allocated [mem 0x1ffc5000-0x1ffeffff]
[    0.000000] kvm-clock: cpu 0, msr 0:1ff44001, primary cpu clock
[    0.000000] kvm-clock: Using msrs 4b564d01 and 4b564d00
[    0.000000] kvm-clock: using sched offset of 5348824753 cycles
[    0.000000] clocksource: kvm-clock: mask: 0xffffffffffffffff max_cycles: 0x1cd42e4dffb, max_idle_ns: 881590591483 ns
[    0.000000] Zone ranges:
[    0.000000]   DMA      [mem 0x0000000000001000-0x0000000000ffffff]
[    0.000000]   DMA32    [mem 0x0000000001000000-0x000000001ffeffff]
[    0.000000]   Normal   empty
[    0.000000]   Device   empty
[    0.000000] Movable zone start for each node
[    0.000000] Early memory node ranges
[    0.000000]   node   0: [mem 0x0000000000001000-0x000000000009efff]
[    0.000000]   node   0: [mem 0x0000000000100000-0x000000001ffeffff]
[    0.000000] Reserved but unavailable: 98 pages
[    0.000000] Initmem setup node 0 [mem 0x0000000000001000-0x000000001ffeffff]
[    0.000000] ACPI: PM-Timer IO Port: 0x4008
[    0.000000] IOAPIC[0]: apic_id 1, version 32, address 0xfec00000, GSI 0-23
[    0.000000] ACPI: INT_SRC_OVR (bus 0 bus_irq 0 global_irq 2 dfl dfl)
[    0.000000] ACPI: INT_SRC_OVR (bus 0 bus_irq 9 global_irq 9 low level)
[    0.000000] Using ACPI (MADT) for SMP configuration information
[    0.000000] smpboot: Allowing 1 CPUs, 0 hotplug CPUs
[    0.000000] PM: Registered nosave memory: [mem 0x00000000-0x00000fff]
[    0.000000] PM: Registered nosave memory: [mem 0x0009f000-0x0009ffff]
[    0.000000] PM: Registered nosave memory: [mem 0x000a0000-0x000effff]
[    0.000000] PM: Registered nosave memory: [mem 0x000f0000-0x000fffff]
[    0.000000] e820: [mem 0x20000000-0xfebfffff] available for PCI devices
[    0.000000] Booting paravirtualized kernel on KVM
[    0.000000] clocksource: refined-jiffies: mask: 0xffffffff max_cycles: 0xffffffff, max_idle_ns: 7645519600211568 ns
[    0.000000] random: get_random_bytes called from start_kernel+0x99/0x4fd with crng_init=0
[    0.000000] setup_percpu: NR_CPUS:8192 nr_cpumask_bits:1 nr_cpu_ids:1 nr_node_ids:1
[    0.000000] percpu: Embedded 45 pages/cpu s147456 r8192 d28672 u2097152
[    0.000000] PV qspinlock hash table entries: 256 (order: 0, 4096 bytes)
[    0.000000] Built 1 zonelists, mobility grouping on.  Total pages: 128889
[    0.000000] Policy zone: DMA32
[    0.000000] Kernel command line: BOOT_IMAGE=/boot/vmlinuz-4.15.0-74-generic root=LABEL=cloudimg-rootfs ro console=tty1 console=ttyS0
[    0.000000] Memory: 467164K/523832K available (12300K kernel code, 2481K rwdata, 4260K rodata, 2428K init, 2704K bss, 56668K reserved, 0K cma-reserved)
[    0.000000] SLUB: HWalign=64, Order=0-3, MinObjects=0, CPUs=1, Nodes=1
[    0.000000] Kernel/User page tables isolation: enabled
[    0.000000] ftrace: allocating 39322 entries in 154 pages
[    0.004000] Hierarchical RCU implementation.
[    0.004000] 	RCU restricting CPUs from NR_CPUS=8192 to nr_cpu_ids=1.
[    0.004000] 	Tasks RCU enabled.
[    0.004000] RCU: Adjusting geometry for rcu_fanout_leaf=16, nr_cpu_ids=1
[    0.004000] NR_IRQS: 524544, nr_irqs: 256, preallocated irqs: 16
[    0.004000] Console: colour VGA+ 80x25
[    0.004000] console [tty1] enabled
[    0.004000] console [ttyS0] enabled
[    0.004000] ACPI: Core revision 20170831
[    0.004000] ACPI: 2 ACPI AML tables successfully acquired and loaded
[    0.004000] APIC: Switch to symmetric I/O mode setup
[    0.004000] x2apic enabled
[    0.004019] Switched APIC routing to physical x2apic.
[    0.010725] ..TIMER: vector=0x30 apic1=0 pin1=2 apic2=-1 pin2=-1
[    0.012013] tsc: Detected 1799.999 MHz processor
[    0.016023] Calibrating delay loop (skipped) preset value.. 3599.99 BogoMIPS (lpj=7199996)
[    0.020015] pid_max: default: 32768 minimum: 301
[    0.024075] Security Framework initialized
[    0.026056] Yama: becoming mindful.
[    0.028549] AppArmor: AppArmor initialized
[    0.032294] Dentry cache hash table entries: 65536 (order: 7, 524288 bytes)
[    0.035617] Inode-cache hash table entries: 32768 (order: 6, 262144 bytes)
[    0.036043] Mount-cache hash table entries: 1024 (order: 1, 8192 bytes)
[    0.040016] Mountpoint-cache hash table entries: 1024 (order: 1, 8192 bytes)
[    0.045035] process: using mwait in idle threads
[    0.048020] Last level iTLB entries: 4KB 64, 2MB 8, 4MB 8
[    0.050620] Last level dTLB entries: 4KB 64, 2MB 0, 4MB 0, 1GB 4
[    0.052011] Spectre V1 : Mitigation: usercopy/swapgs barriers and __user pointer sanitization
[    0.056015] Spectre V2 : Mitigation: Full generic retpoline
[    0.060009] Spectre V2 : Spectre v2 / SpectreRSB mitigation: Filling RSB on context switch
[    0.064010] Speculative Store Bypass: Vulnerable
[    0.065931] MDS: Vulnerable: Clear CPU buffers attempted, no microcode
[    0.097761] Freeing SMP alternatives memory: 36K
[    0.209796] smpboot: CPU0: Intel(R) Core(TM) i5-8250U CPU @ 1.60GHz (family: 0x6, model: 0x8e, stepping: 0xa)
[    0.212000] Performance Events: unsupported p6 CPU model 142 no PMU driver, software events only.
[    0.212102] Hierarchical SRCU implementation.
[    0.216511] NMI watchdog: Perf event create on CPU 0 failed with -2
[    0.218282] NMI watchdog: Perf NMI watchdog permanently disabled
[    0.220000] smp: Bringing up secondary CPUs ...
[    0.220007] smp: Brought up 1 node, 1 CPU
[    0.221091] smpboot: Max logical packages: 1
[    0.224006] smpboot: Total of 1 processors activated (3599.99 BogoMIPS)
[    0.226048] devtmpfs: initialized
[    0.227031] x86/mm: Memory block size: 128MB
[    0.228189] evm: security.selinux
[    0.229147] evm: security.SMACK64
[    0.230216] evm: security.SMACK64EXEC
[    0.231269] evm: security.SMACK64TRANSMUTE
[    0.232014] evm: security.SMACK64MMAP
[    0.233394] evm: security.apparmor
[    0.234353] evm: security.ima
[    0.236007] evm: security.capability
[    0.237313] clocksource: jiffies: mask: 0xffffffff max_cycles: 0xffffffff, max_idle_ns: 7645041785100000 ns
[    0.240072] futex hash table entries: 256 (order: 2, 16384 bytes)
[    0.244064] pinctrl core: initialized pinctrl subsystem
[    0.246504] RTC time: 17:15:19, date: 01/21/20
[    0.247950] NET: Registered protocol family 16
[    0.248128] audit: initializing netlink subsys (disabled)
[    0.249678] cpuidle: using governor ladder
[    0.250828] cpuidle: using governor menu
[    0.252064] ACPI: bus type PCI registered
[    0.253163] acpiphp: ACPI Hot Plug PCI Controller Driver version: 0.5
[    0.256058] PCI: Using configuration type 1 for base access
[    0.258227] audit: type=2000 audit(1579626925.960:1): state=initialized audit_enabled=0 res=1
[    0.264481] HugeTLB registered 2.00 MiB page size, pre-allocated 0 pages
[    0.267427] ACPI: Added _OSI(Module Device)
[    0.268018] ACPI: Added _OSI(Processor Device)
[    0.269351] ACPI: Added _OSI(3.0 _SCP Extensions)
[    0.270593] ACPI: Added _OSI(Processor Aggregator Device)
[    0.272027] ACPI: Added _OSI(Linux-Dell-Video)
[    0.273425] ACPI: Added _OSI(Linux-Lenovo-NV-HDMI-Audio)
[    0.276246] ACPI: Added _OSI(Linux-HPI-Hybrid-Graphics)
[    0.280152] ACPI: Executed 1 blocks of module-level executable AML code
[    0.291193] ACPI: Interpreter enabled
[    0.292127] ACPI: (supports S0 S5)
[    0.293773] ACPI: Using IOAPIC for interrupt routing
[    0.296523] PCI: Using host bridge windows from ACPI; if necessary, use "pci=nocrs" and report a bug
[    0.299140] ACPI: Enabled 2 GPEs in block 00 to 07
[    0.324215] ACPI: PCI Root Bridge [PCI0] (domain 0000 [bus 00-ff])
[    0.328110] acpi PNP0A03:00: _OSC: OS supports [ASPM ClockPM Segments MSI]
[    0.333632] acpi PNP0A03:00: _OSC: not requesting OS control; OS requires [ExtendedConfig ASPM ClockPM MSI]
[    0.336096] acpi PNP0A03:00: fail to add MMCONFIG information, can't access extended PCI configuration space under this bridge.
[    0.340981] PCI host bridge to bus 0000:00
[    0.344015] pci_bus 0000:00: root bus resource [io  0x0000-0x0cf7 window]
[    0.348020] pci_bus 0000:00: root bus resource [io  0x0d00-0xffff window]
[    0.352036] pci_bus 0000:00: root bus resource [mem 0x000a0000-0x000bffff window]
[    0.356034] pci_bus 0000:00: root bus resource [mem 0x20000000-0xfdffffff window]
[    0.360017] pci_bus 0000:00: root bus resource [bus 00-ff]
[    0.368922] pci 0000:00:01.1: legacy IDE quirk: reg 0x10: [io  0x01f0-0x01f7]
[    0.371799] pci 0000:00:01.1: legacy IDE quirk: reg 0x14: [io  0x03f6]
[    0.372015] pci 0000:00:01.1: legacy IDE quirk: reg 0x18: [io  0x0170-0x0177]
[    0.376010] pci 0000:00:01.1: legacy IDE quirk: reg 0x1c: [io  0x0376]
[    0.402621] pci 0000:00:07.0: quirk: [io  0x4000-0x403f] claimed by PIIX4 ACPI
[    0.404060] pci 0000:00:07.0: quirk: [io  0x4100-0x410f] claimed by PIIX4 SMB
[    0.416319] ACPI: PCI Interrupt Link [LNKA] (IRQs 5 9 10 *11)
[    0.420043] ACPI: PCI Interrupt Link [LNKB] (IRQs 5 9 *10 11)
[    0.422098] ACPI: PCI Interrupt Link [LNKC] (IRQs 5 *9 10 11)
[    0.424321] ACPI: PCI Interrupt Link [LNKD] (IRQs 5 9 10 *11)
[    0.426852] SCSI subsystem initialized
[    0.428189] pci 0000:00:02.0: vgaarb: setting as boot VGA device
[    0.430184] pci 0000:00:02.0: vgaarb: VGA device added: decodes=io+mem,owns=io+mem,locks=none
[    0.432011] pci 0000:00:02.0: vgaarb: bridge control possible
[    0.433757] vgaarb: loaded
[    0.434621] ACPI: bus type USB registered
[    0.436067] usbcore: registered new interface driver usbfs
[    0.438530] usbcore: registered new interface driver hub
[    0.440040] usbcore: registered new device driver usb
[    0.442083] EDAC MC: Ver: 3.0.0
[    0.444488] PCI: Using ACPI for IRQ routing
[    0.446391] NetLabel: Initializing
[    0.448005] NetLabel:  domain hash size = 128
[    0.449638] NetLabel:  protocols = UNLABELED CIPSOv4 CALIPSO
[    0.451507] NetLabel:  unlabeled traffic allowed by default
[    0.452319] clocksource: Switched to clocksource kvm-clock
[    0.484782] VFS: Disk quotas dquot_6.6.0
[    0.486340] VFS: Dquot-cache hash table entries: 512 (order 0, 4096 bytes)
[    0.489111] AppArmor: AppArmor Filesystem Enabled
[    0.490665] pnp: PnP ACPI init
[    0.493887] pnp: PnP ACPI: found 3 devices
[    0.502103] clocksource: acpi_pm: mask: 0xffffff max_cycles: 0xffffff, max_idle_ns: 2085701024 ns
[    0.505326] NET: Registered protocol family 2
[    0.507018] TCP established hash table entries: 4096 (order: 3, 32768 bytes)
[    0.509249] TCP bind hash table entries: 4096 (order: 4, 65536 bytes)
[    0.511183] TCP: Hash tables configured (established 4096 bind 4096)
[    0.513331] UDP hash table entries: 256 (order: 1, 8192 bytes)
[    0.515448] UDP-Lite hash table entries: 256 (order: 1, 8192 bytes)
[    0.517844] NET: Registered protocol family 1
[    0.519273] pci 0000:00:00.0: Limiting direct PCI/PCI transfers
[    0.521620] pci 0000:00:01.0: Activating ISA DMA hang workarounds
[    0.524053] pci 0000:00:02.0: Video device with shadowed ROM at [mem 0x000c0000-0x000dffff]
[    0.527158] Unpacking initramfs...
[    1.222826] Freeing initrd memory: 19200K
[    1.224848] clocksource: tsc: mask: 0xffffffffffffffff max_cycles: 0x19f228ab7a2, max_idle_ns: 440795289252 ns
[    1.227890] platform rtc_cmos: registered platform RTC device (no PNP device found)
[    1.230468] Scanning for low memory corruption every 60 seconds
[    1.233497] Initialise system trusted keyrings
[    1.235498] Key type blacklist registered
[    1.237094] workingset: timestamp_bits=36 max_order=17 bucket_order=0
[    1.241382] zbud: loaded
[    1.243263] squashfs: version 4.0 (2009/01/31) Phillip Lougher
[    1.245708] fuse init (API version 7.26)
[    1.248881] Key type asymmetric registered
[    1.250118] Asymmetric key parser 'x509' registered
[    1.251817] Block layer SCSI generic (bsg) driver version 0.4 loaded (major 246)
[    1.254010] io scheduler noop registered
[    1.255543] io scheduler deadline registered
[    1.257079] io scheduler cfq registered (default)
[    1.258931] ACPI: AC Adapter [AC] (off-line)
[    1.260232] input: Power Button as /devices/LNXSYSTM:00/LNXPWRBN:00/input/input0
[    1.262971] ACPI: Power Button [PWRF]
[    1.264851] input: Sleep Button as /devices/LNXSYSTM:00/LNXSLPBN:00/input/input1
[    1.267280] ACPI: Sleep Button [SLPF]
[    1.270397] ACPI: Battery Slot [BAT0] (battery present)
[    1.272280] Serial: 8250/16550 driver, 32 ports, IRQ sharing enabled
[    1.296009] 00:02: ttyS0 at I/O 0x3f8 (irq = 4, base_baud = 115200) is a 16550A
[    1.305960] Linux agpgart interface v0.103
[    1.308592] loop: module loaded
[    1.310513] scsi host0: ata_piix
[    1.311662] scsi host1: ata_piix
[    1.312777] ata1: PATA max UDMA/33 cmd 0x1f0 ctl 0x3f6 bmdma 0xd000 irq 14
[    1.314787] ata2: PATA max UDMA/33 cmd 0x170 ctl 0x376 bmdma 0xd008 irq 15
[    1.317335] libphy: Fixed MDIO Bus: probed
[    1.318558] tun: Universal TUN/TAP device driver, 1.6
[    1.320696] PPP generic driver version 2.4.2
[    1.322329] ehci_hcd: USB 2.0 'Enhanced' Host Controller (EHCI) Driver
[    1.324202] ehci-pci: EHCI PCI platform driver
[    1.325552] ehci-platform: EHCI generic platform driver
[    1.327483] ohci_hcd: USB 1.1 'Open' Host Controller (OHCI) Driver
[    1.329335] ohci-pci: OHCI PCI platform driver
[    1.330717] ohci-platform: OHCI generic platform driver
[    1.332905] uhci_hcd: USB Universal Host Controller Interface driver
[    1.334568] i8042: PNP: PS/2 Controller [PNP0303:PS2K,PNP0f03:PS2M] at 0x60,0x64 irq 1,12
[    1.337922] serio: i8042 KBD port at 0x60,0x64 irq 1
[    1.339812] serio: i8042 AUX port at 0x60,0x64 irq 12
[    1.341544] mousedev: PS/2 mouse device common for all mice
[    1.344326] input: AT Translated Set 2 keyboard as /devices/platform/i8042/serio0/input/input2
[    1.347910] rtc_cmos rtc_cmos: rtc core: registered rtc_cmos as rtc0
[    1.350446] rtc_cmos rtc_cmos: alarms up to one day, 114 bytes nvram
[    1.352059] i2c /dev entries driver
[    1.353036] device-mapper: uevent: version 1.0.3
[    1.355009] device-mapper: ioctl: 4.37.0-ioctl (2017-09-20) initialised: dm-devel@redhat.com
[    1.358186] ledtrig-cpu: registered to indicate activity on CPUs
[    1.360707] intel_pmc_core:  initialized
[    1.362614] NET: Registered protocol family 10
[    1.371875] Segment Routing with IPv6
[    1.374116] NET: Registered protocol family 17
[    1.376882] Key type dns_resolver registered
[    1.379031] mce: Using 0 MCE banks
[    1.380730] RAS: Correctable Errors collector initialized.
[    1.383219] sched_clock: Marking stable (1380675705, 0)->(1840634690, -459958985)
[    1.387063] registered taskstats version 1
[    1.389641] Loading compiled-in X.509 certificates
[    1.396844] Loaded X.509 cert 'Build time autogenerated kernel key: 62d24f9c726e026b112735485dad6e6e4b50c923'
[    1.400765] zswap: loaded using pool lzo/zbud
[    1.409181] Key type big_key registered
[    1.411019] Key type trusted registered
[    1.415888] Key type encrypted registered
[    1.417850] AppArmor: AppArmor sha1 policy hashing enabled
[    1.419983] ima: No TPM chip found, activating TPM-bypass! (rc=-19)
[    1.422593] ima: Allocated hash algorithm: sha1
[    1.424799] evm: HMAC attrs: 0x1
[    1.426936]   Magic number: 4:71:290
[    1.428575] tty tty23: hash matches
[    1.429977] rtc_cmos rtc_cmos: setting system clock to 2020-01-21 17:15:20 UTC (1579626920)
[    1.433380] BIOS EDD facility v0.16 2004-Jun-25, 0 devices found
[    1.435287] EDD information not available.
[    1.481477] Freeing unused kernel image memory: 2428K
[    1.488071] Write protecting the kernel read-only data: 20480k
[    1.492339] Freeing unused kernel image memory: 2008K
[    1.495307] Freeing unused kernel image memory: 1884K
[    1.518411] x86/mm: Checked W+X mappings: passed, no W+X pages found.
[    1.520953] x86/mm: Checking user space page tables
[    1.543375] x86/mm: Checked W+X mappings: passed, no W+X pages found.
Loading, please wait...
starting version 237
[    1.785311] Fusion MPT base driver 3.04.20
[    1.787441] Copyright (c) 1999-2008 LSI Corporation
[    1.795307] e1000: Intel(R) PRO/1000 Network Driver - version 7.3.21-k8-NAPI
[    1.798425] e1000: Copyright (c) 1999-2006 Intel Corporation.
[    1.846609] Fusion MPT SPI Host driver 3.04.20
[    1.895745] AVX2 version of gcm_enc/dec engaged.
[    1.898012] AES CTR mode by8 optimization enabled
[    2.023624] input: ImExPS/2 Generic Explorer Mouse as /devices/platform/i8042/serio1/input/input4
[    2.415335] e1000 0000:00:03.0 eth0: (PCI:33MHz:32-bit) 02:22:e7:1f:39:14
[    2.417153] e1000 0000:00:03.0 eth0: Intel(R) PRO/1000 Network Connection
[    2.421833] e1000 0000:00:03.0 enp0s3: renamed from eth0
[    2.425585] mptbase: ioc0: Initiating bringup
[    2.520631] ioc0: LSI53C1030 A0: Capabilities={Initiator}
[    2.768338] scsi host2: ioc0: LSI53C1030 A0, FwRev=00000000h, Ports=1, MaxQ=256, IRQ=20
[    2.941120] scsi 2:0:0:0: Direct-Access     VBOX     HARDDISK         1.0  PQ: 0 ANSI: 5
[    2.944916] scsi target2:0:0: Beginning Domain Validation
[    2.949845] random: fast init done
[    2.953453] scsi target2:0:0: Domain Validation skipping write tests
[    2.956737] scsi target2:0:0: Ending Domain Validation
[    2.959560] scsi target2:0:0: asynchronous
[    2.962831] scsi 2:0:1:0: Direct-Access     VBOX     HARDDISK         1.0  PQ: 0 ANSI: 5
[    2.966527] scsi target2:0:1: Beginning Domain Validation
[    2.972988] scsi target2:0:1: Domain Validation skipping write tests
[    2.975802] scsi target2:0:1: Ending Domain Validation
[    2.978350] scsi target2:0:1: asynchronous
[    2.991797] random: systemd-udevd: uninitialized urandom read (16 bytes read)
[    2.995501] random: systemd-udevd: uninitialized urandom read (16 bytes read)
[    2.998959] sd 2:0:0:0: Attached scsi generic sg0 type 0
[    3.001642] sd 2:0:0:0: [sda] 20971520 512-byte logical blocks: (10.7 GB/10.0 GiB)
[    3.005954] sd 2:0:1:0: Attached scsi generic sg1 type 0
[    3.008490] random: systemd-udevd: uninitialized urandom read (16 bytes read)
[    3.011945] sd 2:0:1:0: [sdb] 20480 512-byte logical blocks: (10.5 MB/10.0 MiB)
[    3.015250] sd 2:0:0:0: [sda] Write Protect is off
[    3.019483] sd 2:0:1:0: [sdb] Write Protect is off
[    3.022715] sd 2:0:0:0: [sda] Incomplete mode parameter data
[    3.025258] sd 2:0:0:0: [sda] Assuming drive cache: write through
[    3.027930] sd 2:0:1:0: [sdb] Incomplete mode parameter data
[    3.030473] sd 2:0:1:0: [sdb] Assuming drive cache: write through
[    3.036556]  sda: sda1
[    3.040641] sd 2:0:0:0: [sda] Attached SCSI disk
[    3.044139] sd 2:0:1:0: [sdb] Attached SCSI disk
Begin: Loading essential drivers ... [    5.076050] raid6: sse2x1   gen()  4468 MB/s
[    5.124251] raid6: sse2x1   xor()  3301 MB/s
[    5.172689] raid6: sse2x2   gen()  5758 MB/s
[    5.220352] raid6: sse2x2   xor()  3940 MB/s
[    5.268833] raid6: sse2x4   gen()  6680 MB/s
[    5.316532] raid6: sse2x4   xor()  4028 MB/s
[    5.364286] raid6: avx2x1   gen()  8686 MB/s
[    5.412127] raid6: avx2x1   xor()  6347 MB/s
[    5.460508] raid6: avx2x2   gen() 10490 MB/s
[    5.508048] raid6: avx2x2   xor()  6692 MB/s
[    5.556050] raid6: avx2x4   gen() 12334 MB/s
[    5.604389] raid6: avx2x4   xor()  7527 MB/s
[    5.606629] raid6: using algorithm avx2x4 gen() 12334 MB/s
[    5.609040] raid6: .... xor() 7527 MB/s, rmw enabled
[    5.611317] raid6: using avx2x2 recovery algorithm
[    5.617213] xor: automatically using best checksumming function   avx       
[    5.624117] async_tx: api initialized (async)
done.
Begin: Running /scripts/init-premount ... done.
Begin: Mounting root file system ... Begin: Running /scripts/local-top ... done.
Begin: Running /scripts/local-premount ... [    5.711544] Btrfs loaded, crc32c=crc32c-intel
Scanning for Btrfs filesystems
done.
Warning: fsck not present, so skipping root file system
[    5.764058] EXT4-fs (sda1): mounted filesystem with ordered data mode. Opts: (null)
done.
Begin: Running /scripts/local-bottom ... done.
Begin: Running /scripts/init-bottom ... done.
[    6.059332] ip_tables: (C) 2000-2006 Netfilter Core Team
[    6.072966] systemd[1]: systemd 237 running in system mode. (+PAM +AUDIT +SELINUX +IMA +APPARMOR +SMACK +SYSVINIT +UTMP +LIBCRYPTSETUP +GCRYPT +GNUTLS +ACL +XZ +LZ4 +SECCOMP +BLKID +ELFUTILS +KMOD -IDN2 +IDN -PCRE2 default-hierarchy=hybrid)
[    6.079895] systemd[1]: Detected virtualization oracle.
[    6.081489] systemd[1]: Detected architecture x86-64.

Welcome to [1mUbuntu 18.04.3 LTS[0m!

[    6.088484] systemd[1]: Set hostname to <ubuntu>.
[    6.097913] systemd[1]: Initializing machine ID from random generator.
[    6.101585] systemd[1]: Installed transient /etc/machine-id file.
[    6.635983] systemd[1]: Reached target Swap.
[[0;32m  OK  [0m] Reached target Swap.
[    6.640912] systemd[1]: Set up automount Arbitrary Executable File Formats File System Automount Point.
[[0;32m  OK  [0m] Set up automount Arbitrary Executab…rmats File System Automount Point.
[    6.647381] systemd[1]: Started Forward Password Requests to Wall Directory Watch.
[[0;32m  OK  [0m] Started Forward Password Requests to Wall Directory Watch.
[    6.652405] systemd[1]: Reached target System Time Synchronized.
[[0;32m  OK  [0m] Reached target System Time Synchronized.
[[0;32m  OK  [0m] Created slice System Slice.
[[0;32m  OK  [0m] Listening on Journal Socket (/dev/log).
[[0;32m  OK  [0m] Listening on /dev/initctl Compatibility Named Pipe.
[[0;32m  OK  [0m] Listening on Journal Audit Socket.
[[0;32m  OK  [0m] Listening on Journal Socket.
         Starting Load Kernel Modules...
[[0;32m  OK  [0m] Listening on Syslog Socket.
         Starting Remount Root and Kernel File Systems...
         Starting Set the console keyboard layout...
         Starting Uncomplicated firewall...
[[0;32m  OK  [0m] Listening on LVM2 metadata daemon socket.
         Mounting Kernel Debug File System...
[[0;32m  OK  [0m] Listening on Network Service Netlink Socket.
[[0;32m  OK  [0m] Created slice system-serial\x2dgetty.slice.
         Mounting Huge Pages File System...
         Starting Create list of required st…ce nodes for the current kernel...
[    6.753231] Loading iSCSI transport class v2.0-870.
[[0;32m  OK  [0m] Created slice User and Session Slice.
[[0;32m  OK  [0m] Reached target Slices.
[[0;32m  OK  [0m] Listening on udev Control Socket.
[[0;32m  OK  [0m] Listening on Device-mapper event daemon FIFOs.
         Starting Monitoring of LVM2 mirrors…ng dmeventd or progress polling...
[    6.772352] EXT4-fs (sda1): re-mounted. Opts: (null)
         Starting Journal Service...
[[0;32m  OK  [0m] Listening on udev Kernel Socket.
         Starting udev Coldplug all Devices...
[[0;32m  OK  [0m] Listening on LVM2 poll daemon socket.
         Mounting POSIX Message Queue File System...
[[0;32m  OK  [0m] Reached target User and Group Name Lookups.
[[0;32m  OK  [0m] Started Remount Root and Kernel File Systems.
[[0;32m  OK  [0m] Started Uncomplicated firewall.
[[0;32m  OK  [0m] Mounted Kernel Debug File System.
[    6.834108] iscsi: registered transport (tcp)
[[0;32m  OK  [0m] Mounted Huge Pages File System.
[[0;32m  OK  [0m] Started Create list of required sta…vice nodes for the current kernel.
[[0;32m  OK  [0m] Mounted POSIX Message Queue File System.
         Starting Create Static Device Nodes in /dev...
         Starting Load/Save Random Seed...
[[0;32m  OK  [0m] Started Load/Save Random Seed.
[[0;32m  OK  [0m] Started LVM2 metadata daemon.
[[0;32m  OK  [0m] Started Create Static Device Nodes in /dev.
         Starting udev Kernel Device Manager...
[    7.093895] iscsi: registered transport (iser)
[[0;32m  OK  [0m] Started Monitoring of LVM2 mirrors,…sing dmeventd or progress polling.
[[0;32m  OK  [0m] Started Load Kernel Modules.
         Mounting Kernel Configuration File System...
         Starting Apply Kernel Variables...
         Mounting FUSE Control File System...
[[0;32m  OK  [0m] Mounted Kernel Configuration File System.
[[0;32m  OK  [0m] Mounted FUSE Control File System.
[[0;32m  OK  [0m] Started Apply Kernel Variables.
[[0;32m  OK  [0m] Started udev Kernel Device Manager.
[[0;32m  OK  [0m] Started Journal Service.
         Starting Flush Journal to Persistent Storage...
[[0;32m  OK  [0m] Started udev Coldplug all Devices.
[[0;32m  OK  [0m] Started Flush Journal to Persistent Storage.
[[0;32m  OK  [0m] Started Set the console keyboard layout.
[[0;32m  OK  [0m] Reached target Local File Systems (Pre).
[[0;32m  OK  [0m] Reached target Local File Systems.
         Starting Create Volatile Files and Directories...
         Starting AppArmor initialization...
         Starting Set console font and keymap...
         Starting Commit a transient machine-id on disk...
         Starting ebtables ruleset management...
         Starting Tell Plymouth To Write Out Runtime Data...
[[0;32m  OK  [0m] Started Dispatch Password Requests to Console Directory Watch.
[[0;32m  OK  [0m] Reached target Local Encrypted Volumes.
[[0;32m  OK  [0m] Started Set console font and keymap.
[[0;32m  OK  [0m] Started Tell Plymouth To Write Out Runtime Data.
[[0;32m  OK  [0m] Started Commit a transient machine-id on disk.
[[0;32m  OK  [0m] Started Create Volatile Files and Directories.
         Starting Update UTMP about System Boot/Shutdown...
[[0;32m  OK  [0m] Started Update UTMP about System Boot/Shutdown.
[[0;32m  OK  [0m] Started ebtables ruleset management.
[[0;32m  OK  [0m] Found device /dev/ttyS0.
[[0;32m  OK  [0m] Listening on Load/Save RF Kill Switch Status /dev/rfkill Watch.
[[0;32m  OK  [0m] Started AppArmor initialization.
         Starting Initial cloud-init job (pre-networking)...
[   16.863005] cloud-init[530]: Cloud-init v. 19.3-41-gc4735dd3-0ubuntu1~18.04.1 running 'init-local' at Tue, 21 Jan 2020 17:15:34 +0000. Up 15.85 seconds.
[[0;32m  OK  [0m] Started Initial cloud-init job (pre-networking).
[[0;32m  OK  [0m] Reached target Network (Pre).
         Starting Network Service...
[[0;32m  OK  [0m] Started Network Service.
         Starting Wait for Network to be Configured...
         Starting Network Name Resolution...
[[0;32m  OK  [0m] Started Network Name Resolution.
[[0;32m  OK  [0m] Reached target Network.
[[0;32m  OK  [0m] Reached target Host and Network Name Lookups.
[[0;32m  OK  [0m] Started Wait for Network to be Configured.
         Starting Initial cloud-init job (metadata service crawler)...
[   20.094874] cloud-init[630]: Cloud-init v. 19.3-41-gc4735dd3-0ubuntu1~18.04.1 running 'init' at Tue, 21 Jan 2020 17:15:38 +0000. Up 19.63 seconds.
[   20.104396] cloud-init[630]: ci-info: ++++++++++++++++++++++++++++++++++++++Net device info++++++++++++++++++++++++++++++++++++++
[   20.107114] cloud-init[630]: ci-info: +--------+------+----------------------------+---------------+--------+-------------------+
[   20.113227] cloud-init[630]: ci-info: | Device |  Up  |          Address           |      Mask     | Scope  |     Hw-Address    |
[   20.115406] cloud-init[630]: ci-info: +--------+------+----------------------------+---------------+--------+-------------------+
[   20.121155] cloud-init[630]: ci-info: | enp0s3 | True |         10.0.2.15          | 255.255.255.0 | global | 02:22:e7:1f:39:14 |
[   20.126843] cloud-init[630]: ci-info: | enp0s3 | True | fe80::22:e7ff:fe1f:3914/64 |       .       |  link  | 02:22:e7:1f:39:14 |
[   20.130882] cloud-init[630]: ci-info: |   lo   | True |         127.0.0.1          |   255.0.0.0   |  host  |         .         |
[   20.134294] cloud-init[630]: ci-info: |   lo   | True |          ::1/128           |       .       |  host  |         .         |
[   20.138064] cloud-init[630]: ci-info: +--------+------+----------------------------+---------------+--------+-------------------+
[   20.144563] cloud-init[630]: ci-info: ++++++++++++++++++++++++++++Route IPv4 info+++++++++++++++++++++++++++++
[   20.145738] cloud-init[630]: ci-info: +-------+-------------+----------+-----------------+-----------+-------+
[   20.148476] cloud-init[630]: ci-info: | Route | Destination | Gateway  |     Genmask     | Interface | Flags |
[   20.151437] cloud-init[630]: ci-info: +-------+-------------+----------+-----------------+-----------+-------+
[   20.160028] cloud-init[630]: ci-info: |   0   |   0.0.0.0   | 10.0.2.2 |     0.0.0.0     |   enp0s3  |   UG  |
[   20.167754] cloud-init[630]: ci-info: |   1   |   10.0.2.0  | 0.0.0.0  |  255.255.255.0  |   enp0s3  |   U   |
[   20.175936] cloud-init[630]: ci-info: |   2   |   10.0.2.2  | 0.0.0.0  | 255.255.255.255 |   enp0s3  |   UH  |
[   20.184521] cloud-init[630]: ci-info: +-------+-------------+----------+-----------------+-----------+-------+
[   20.187228] cloud-init[630]: ci-info: +++++++++++++++++++Route IPv6 info+++++++++++++++++++
[   20.193851] cloud-init[630]: ci-info: +-------+-------------+---------+-----------+-------+
[   20.200610] cloud-init[630]: ci-info: | Route | Destination | Gateway | Interface | Flags |
[   20.204861] cloud-init[630]: ci-info: +-------+-------------+---------+-----------+-------+
[   20.211252] cloud-init[630]: ci-info: |   1   |  fe80::/64  |    ::   |   enp0s3  |   U   |
[   20.218483] cloud-init[630]: ci-info: |   3   |    local    |    ::   |   enp0s3  |   U   |
[   20.224137] cloud-init[630]: ci-info: |   4   |   ff00::/8  |    ::   |   enp0s3  |   U   |
[   20.231046] cloud-init[630]: ci-info: +-------+-------------+---------+-----------+-------+
[   21.336078] cloud-init[630]: Generating public/private rsa key pair.
[   21.340599] cloud-init[630]: Your identification has been saved in /etc/ssh/ssh_host_rsa_key.
[   21.348693] cloud-init[630]: Your public key has been saved in /etc/ssh/ssh_host_rsa_key.pub.
[   21.350798] cloud-init[630]: The key fingerprint is:
[   21.357010] cloud-init[630]: SHA256:RbDHM3Z+04CsRiVxaCssa4TWWLI4GfUo8F4+pwm8h08 root@ubuntu-bionic
[   21.360379] cloud-init[630]: The key's randomart image is:
[   21.364388] cloud-init[630]: +---[RSA 2048]----+
[   21.365899] cloud-init[630]: |.  ..   ..+oo    |
[   21.368371] cloud-init[630]: | o. .o.  +o= .   |
[   21.372291] cloud-init[630]: |  o+oB....O.+ .  |
[   21.372990] cloud-init[630]: | o++= + o=.*   o |
[   21.376287] cloud-init[630]: |  +oo..oS.o . o .|
[   21.380363] cloud-init[630]: |   + =o  .   . . |
[   21.381469] cloud-init[630]: |  o E.           |
[   21.382507] cloud-init[630]: |   +             |
[   21.388300] cloud-init[630]: |    .            |
[   21.389623] cloud-init[630]: +----[SHA256]-----+
[   21.391196] cloud-init[630]: Generating public/private dsa key pair.
[   21.396827] cloud-init[630]: Your identification has been saved in /etc/ssh/ssh_host_dsa_key.
[   21.399057] cloud-init[630]: Your public key has been saved in /etc/ssh/ssh_host_dsa_key.pub.
[   21.404494] cloud-init[630]: The key fingerprint is:
[   21.405841] cloud-init[630]: SHA256:00oR2ya91x2D+K7zTi0w9HBYh0BaF2zlTET+KNarFbs root@ubuntu-bionic
[   21.412347] cloud-init[630]: The key's randomart image is:
[   21.413885] cloud-init[630]: +---[DSA 1024]----+
[   21.416198] cloud-init[630]: |        . .+o+** |
[   21.416960] cloud-init[630]: |         =o =+B  |
[   21.420428] cloud-init[630]: |        +.+=.o * |
[   21.421486] cloud-init[630]: |         =..=o o+|
[   21.424324] cloud-init[630]: |        S oo+o= o|
[   21.436663] cloud-init[630]: |       . o o+..+ |
[   21.437706] cloud-init[630]: |        .    ++. |
[   21.439445] cloud-init[630]: |           .oo.. |
[   21.445193] cloud-init[630]: |           .=oE  |
[   21.456249] cloud-init[630]: +----[SHA256]-----+
[   21.457471] cloud-init[630]: Generating public/private ecdsa key pair.
[   21.458818] cloud-init[630]: Your identification has been saved in /etc/ssh/ssh_host_ecdsa_key.
[   21.464154] cloud-init[630]: Your public key has been saved in /etc/ssh/ssh_host_ecdsa_key.pub.
[   21.469043] cloud-init[630]: The key fingerprint is:
[   21.472700] cloud-init[630]: SHA256:e5GyggorrNba94k1K7Fyy8kdjaa/F3CdzyMg7FgJ7PA root@ubuntu-bionic
[   21.484683] cloud-init[630]: The key's randomart image is:
[   21.485950] cloud-init[630]: +---[ECDSA 256]---+
[   21.487101] cloud-init[630]: |    .            |
[   21.488195] cloud-init[630]: |   . o           |
[   21.492233] cloud-init[630]: |    + o . . .    |
[   21.493011] cloud-init[630]: |     E * o +     |
[[0;32m  OK  [0m] Started Initial cloud-init job (metadata service crawler).
[   21.507975] cloud-init[630]: |      + S + o    |
[[0;32m  OK  [0m] Reached target Network is Online.
[   21.510999] cloud-init[630]: |     + .o= o +   |
[   21.512524] cloud-init[630]: |o . . +*o.o . .  |
[   21.513817] cloud-init[630]: |.=.+o=B.=o       |
         Starting Availability of block devices...
[   21.527597] cloud-init[[0;32m  OK  [0m] Reached target Remote File Systems (Pre).
[[0;32m  OK  [0m] Reached target Remote File Systems.
[[0;32m  OK  [0m] Reached target Cloud-config availability.
[[0;32m  OK  [0m] Reached target System Initialization.
[[0;32m  OK  [0m] Started Daily Cleanup of Temporary Directories.
[[0;32m  OK  [0m] Listening on Open-iSCSI iscsid Socket.
[630]: |*.o.+B=Bo        |
[   21.535442] cloud-init[630]: +----[SHA256]-----+
[   21.536620] cloud-init[630]: Generating public/private ed25519 key pair.
[   21.540311] cloud-init[630]: Your identification has been saved in /etc/ssh/ssh_host_ed25519_key.
[[0;32m  OK  [0m] Started Discard unused blocks once a week.
[[0;32m  OK  [0m] Listening on D-Bus System Message Bus Socket.
[[0;32m  OK  [0m] Listening on UUID daemon activation socket.
[[0;32m  OK  [0m] Listening on ACPID Listen Socket.
         Starting Socket activation for snappy daemon.
[   21.545792] cloud-init[630]: Your public key has been saved in /etc/ssh/ssh_host_ed25519_key.pub.
[[0;32m  OK  [0m] Started ACPI Events Check.
[   21.556241] [[0;32m  OK  [0m] Reached target Paths.
cloud-init[630]: The key fingerprint is:
         Starting LXD - unix socket.
[[0;32m  OK  [0m] Started Message of the Day.
[   21.563425] cloud-init[630]: SHA256:Z/7OoZGlbEd0r0orUZu0y6/Ul7CFSnhKIvFb294RCUA root@ubuntu-bionic[[0;32m  OK  [0m] Started Daily apt download activities.
[[0;32m  OK  [0m] Started Daily apt upgrade and clean activities.
[[0;32m  OK  [0m] Reached target Timers.

[   21.572302] cloud-init[630]: The key's randomart image is:
[[0;32m  OK  [0m] Started Availability of block devices.
[[0;32m  OK  [0m] Listening on Socket activation for snappy daemon.
[[0;32m  OK  [0m] Listening on LXD - unix socket.
[[   21.580598] cloud-init[630]: +--[ED25519 256]--+
[   21.581637] cloud-init[630]: |        .E       |
[   21.583246] cloud-init[630]: [0;32m  OK  [0m] Reached target Sockets.
[[0;32m  OK  [0m] Reached target Basic System.
         Starting Permit User Sessions...
|          .      |
[   21.598107] cloud-init[630]: |     .     .. .  |
[[0;32m  OK  [0m] Started Deferred execution scheduler.
[   21.613675] cloud-init[630]: |      o   ..+.o. |
[   21.619137] cloud-init[630]: |     . oS+o=oO ..|
[[0;32m  OK  [0m[   21.636551] cloud-init[630]: |      . ==B==.=..|
[   21.637896] cloud-init[630]: |       . oB==+o..|
[   21.639187] cloud-init[630]: |         .oO++.. |
] Started irqbalance daemon.
         Starting Snappy daemon...
         Starting LSB: automatic crash report generation...
         Starting System Logging Service...
         Starting Accounts Service...
[   21.663249] cloud-init[630]: |          .+B+.  |
[   21.666627] cloud-init[[0;32m  OK  [0m] Started D-Bus System Message Bus.
[630]: +----[SHA256]-----+
         Starting Virtualbox guest utils...
         Starting Login Service...
         Starting Dispatcher daemon for systemd-networkd...
[[0;32m  OK  [0m] Started FUSE filesystem for LXC.
[[0;32m  OK  [0m] Started Regular background program processing daemon.
         Starting LSB: Record successful boot for GRUB...
         Starting Pollinate to seed the pseudo random number generator...
         Starting LXD - container startup/shutdown...
[[0;32m  OK  [0m] Started System Logging Service.
[[0;32m  OK  [0m] Started Permit User Sessions.
         Starting Authorization Manager...
         Starting Terminate Plymouth Boot Screen...
         Starting Hold until boot process finishes up...
[[0;32m  OK  [0m] Started Hold until boot process finishes up.
[[0;32m  OK  [0m] Started Terminate Plymouth Boot Screen.
         Starting Set console scheme...
[[0;32m  OK  [0m] Started Serial Getty on ttyS0.
[[0;32m  OK  [0m] Started Set console scheme.
[[0;32m  OK  [0m] Created slice system-getty.slice.
[[0;32m  OK  [0m] Started Getty on tty1.
[[0;32m  OK  [0m] Reached target Login Prompts.
[[0;32m  OK  [0m] Started LSB: automatic crash report generation.
[[0;32m  OK  [0m] Started Authorization Manager.
[[0;32m  OK  [0m] Started Accounts Service.
[[0;32m  OK  [0m] Started Login Service.
[[0;32m  OK  [0m] Started Unattended Upgrades Shutdown.
[[0;32m  OK  [0m] Started LSB: Record successful boot for GRUB.
[[0;32m  OK  [0m] Started LXD - container startup/shutdown.
[[0;32m  OK  [0m] Started Virtualbox guest utils.
[[0;32m  OK  [0m] Started Snappy daemon.
         Starting Wait until snapd is fully seeded...
[[0;32m  OK  [0m] Started Dispatcher daemon for systemd-networkd.
[[0;32m  OK  [0m] Started Pollinate to seed the pseudo random number generator.
         Starting OpenBSD Secure Shell server...
[[0;32m  OK  [0m] Started OpenBSD Secure Shell server.
[[0;32m  OK  [0m] Created slice User Slice of vagrant.
         Starting User Manager for UID 1000...
[[0;32m  OK  [0m] Started Session 1 of user vagrant.
[[0;32m  OK  [0m] Started User Manager for UID 1000.
[[0;32m  OK  [0m] Started Wait until snapd is fully seeded.
         Starting Apply the settings specified in cloud-config...
[[0;32m  OK  [0m] Reached target Multi-User System.
[[0;32m  OK  [0m] Reached target Graphical Interface.
         Starting Update UTMP about System Runlevel Changes...
[[0;32m  OK  [0m] Started Update UTMP about System Runlevel Changes.

Ubuntu 18.04.3 LTS ubuntu-bionic ttyS0

ubuntu-bionic login: [   30.265313] cloud-init[967]: Cloud-init v. 19.3-41-gc4735dd3-0ubuntu1~18.04.1 running 'modules:config' at Tue, 21 Jan 2020 17:15:47 +0000. Up 28.46 seconds.
ci-info: no authorized ssh keys fingerprints found for user ubuntu.
<14>Jan 21 17:15:52 ec2: 
<14>Jan 21 17:15:52 ec2: #############################################################
<14>Jan 21 17:15:52 ec2: -----BEGIN SSH HOST KEY FINGERPRINTS-----
<14>Jan 21 17:15:52 ec2: 1024 SHA256:00oR2ya91x2D+K7zTi0w9HBYh0BaF2zlTET+KNarFbs root@ubuntu-bionic (DSA)
<14>Jan 21 17:15:52 ec2: 256 SHA256:e5GyggorrNba94k1K7Fyy8kdjaa/F3CdzyMg7FgJ7PA root@ubuntu-bionic (ECDSA)
<14>Jan 21 17:15:52 ec2: 256 SHA256:Z/7OoZGlbEd0r0orUZu0y6/Ul7CFSnhKIvFb294RCUA root@ubuntu-bionic (ED25519)
<14>Jan 21 17:15:52 ec2: 2048 SHA256:RbDHM3Z+04CsRiVxaCssa4TWWLI4GfUo8F4+pwm8h08 root@ubuntu-bionic (RSA)
<14>Jan 21 17:15:52 ec2: -----END SSH HOST KEY FINGERPRINTS-----
<14>Jan 21 17:15:52 ec2: #############################################################
-----BEGIN SSH HOST KEY KEYS-----
ecdsa-sha2-nistp256 AAAAE2VjZHNhLXNoYTItbmlzdHAyNTYAAAAIbmlzdHAyNTYAAABBBCZFaooEZRTYrLmCBUAY7QZ5lQH/iK1hjEHHW+tOzPtrpGedq4Caa4/F+0yaiEGbD0A/fxhYAmbV+fqt0SMRREg= root@ubuntu-bionic
ssh-ed25519 AAAAC3NzaC1lZDI1NTE5AAAAIKHLYHWpUWPnb1ERSC+rtreyAn0H12Fha8Nqw67Qon/o root@ubuntu-bionic
ssh-rsa AAAAB3NzaC1yc2EAAAADAQABAAABAQC/B/kpuI//T/q1sRezUlcptb/Jah5VFkh01k22fJSPxNLAKCG9m7IjooiGSFYDZ8IUeCRd9e+Uh7zvozwPNFEdg8QgeE5zDRgWd/apAkmpPCfh14e25gDGX26g3K2WVFlTyisSa2ptQqmG5Wv+uDiaIYedn7MiCEsDoypidbO0e/dE+V175EkV/p8esZ2iq9mG4WmhPq14/uGuJjVns/6y+u2DiRGCNw5EwxtraIWkl5jn9rJH0fZ0CVtlL71T2ErZgi8wEjdd7i9pSBdWp3n6tW85ZFc+9Qi43+zmj4i0wtq07Dg2ceZQlQ+ffLaLlV1PLVBUzBSy+eqVYLD90Kf1 root@ubuntu-bionic
-----END SSH HOST KEY KEYS-----
[   33.722616] cloud-init[1107]: Cloud-init v. 19.3-41-gc4735dd3-0ubuntu1~18.04.1 running 'modules:final' at Tue, 21 Jan 2020 17:15:52 +0000. Up 32.95 seconds.
[   33.728306] cloud-init[1107]: ci-info: no authorized ssh keys fingerprints found for user ubuntu.
[   33.736400] cloud-init[1107]: Cloud-init v. 19.3-41-gc4735dd3-0ubuntu1~18.04.1 finished at Tue, 21 Jan 2020 17:15:52 +0000. Datasource DataSourceNoCloud [seed=/dev/sdb][dsmode=net].  Up 33.68 seconds
